<?xml version="1.0" encoding="UTF-8" standalone="no"?>
<testsuite errors="0" failures="0" name="io.cucumber.core.plugin.JUnitFormatter" skipped="0" tests="1" time="11.365">
    <testcase classname="application testing" name="login page test" time="11.086">
        <system-out><![CDATA[Given user opens login page.................................................passed
Then take a screenshot 'login page', 'users'................................passed
]]></system-out>
    </testcase>
</testsuite>
